<?xml version="1.0" encoding="UTF-8"?>
<testng-results ignored="0" total="4" passed="4" failed="0" skipped="0">
  <reporter-output>
  </reporter-output>
  <suite started-at="2022-05-13T06:29:08Z" name="Default suite" finished-at="2022-05-13T06:29:27Z" duration-ms="18930">
    <groups>
      <group name="cucumber">
        <method signature="AbstractTestNGCucumberTests.runScenario(io.cucumber.testng.PickleWrapper, io.cucumber.testng.FeatureWrapper)[pri:0, instance:Parallel.TestNGRunner@710636b0]" name="runScenario" class="io.cucumber.testng.AbstractTestNGCucumberTests"/>
      </group> <!-- cucumber -->
    </groups>
    <test started-at="2022-05-13T06:29:08Z" name="Default test" finished-at="2022-05-13T06:29:27Z" duration-ms="18930">
      <class name="Parallel.TestNGRunner">
        <test-method is-config="true" signature="setUpClass()[pri:0, instance:Parallel.TestNGRunner@710636b0]" started-at="2022-05-13T06:29:08Z" name="setUpClass" finished-at="2022-05-13T06:29:08Z" duration-ms="829" status="PASS">
          <reporter-output>
          </reporter-output>
        </test-method> <!-- setUpClass -->
        <test-method signature="runScenario(io.cucumber.testng.PickleWrapper, io.cucumber.testng.FeatureWrapper)[pri:0, instance:Parallel.TestNGRunner@710636b0]" started-at="2022-05-13T06:29:08Z" name="runScenario" description="Runs Cucumber Scenarios" data-provider="scenarios" finished-at="2022-05-13T06:29:20Z" duration-ms="11772" status="PASS">
          <params>
            <param index="0">
              <value>
                <![CDATA["Forgot Password link"]]>
              </value>
            </param>
            <param index="1">
              <value>
                <![CDATA["Optional[Login page feature]"]]>
              </value>
            </param>
          </params>
          <reporter-output>
          </reporter-output>
        </test-method> <!-- runScenario -->
        <test-method signature="runScenario(io.cucumber.testng.PickleWrapper, io.cucumber.testng.FeatureWrapper)[pri:0, instance:Parallel.TestNGRunner@710636b0]" started-at="2022-05-13T06:29:08Z" name="runScenario" description="Runs Cucumber Scenarios" data-provider="scenarios" finished-at="2022-05-13T06:29:23Z" duration-ms="14765" status="PASS">
          <params>
            <param index="0">
              <value>
                <![CDATA["Accounts page title"]]>
              </value>
            </param>
            <param index="1">
              <value>
                <![CDATA["Optional[Account Page Feature]"]]>
              </value>
            </param>
          </params>
          <reporter-output>
          </reporter-output>
        </test-method> <!-- runScenario -->
        <test-method signature="runScenario(io.cucumber.testng.PickleWrapper, io.cucumber.testng.FeatureWrapper)[pri:0, instance:Parallel.TestNGRunner@710636b0]" started-at="2022-05-13T06:29:08Z" name="runScenario" description="Runs Cucumber Scenarios" data-provider="scenarios" finished-at="2022-05-13T06:29:20Z" duration-ms="11364" status="PASS">
          <params>
            <param index="0">
              <value>
                <![CDATA["Login page title"]]>
              </value>
            </param>
            <param index="1">
              <value>
                <![CDATA["Optional[Login page feature]"]]>
              </value>
            </param>
          </params>
          <reporter-output>
          </reporter-output>
        </test-method> <!-- runScenario -->
        <test-method signature="runScenario(io.cucumber.testng.PickleWrapper, io.cucumber.testng.FeatureWrapper)[pri:0, instance:Parallel.TestNGRunner@710636b0]" started-at="2022-05-13T06:29:08Z" name="runScenario" description="Runs Cucumber Scenarios" data-provider="scenarios" finished-at="2022-05-13T06:29:23Z" duration-ms="14716" status="PASS">
          <params>
            <param index="0">
              <value>
                <![CDATA["Login with correct credentials"]]>
              </value>
            </param>
            <param index="1">
              <value>
                <![CDATA["Optional[Login page feature]"]]>
              </value>
            </param>
          </params>
          <reporter-output>
          </reporter-output>
        </test-method> <!-- runScenario -->
        <test-method is-config="true" signature="tearDownClass()[pri:0, instance:Parallel.TestNGRunner@710636b0]" started-at="2022-05-13T06:29:23Z" name="tearDownClass" finished-at="2022-05-13T06:29:27Z" duration-ms="3313" status="PASS">
          <reporter-output>
          </reporter-output>
        </test-method> <!-- tearDownClass -->
      </class> <!-- Parallel.TestNGRunner -->
    </test> <!-- Default test -->
  </suite> <!-- Default suite -->
</testng-results>
