<?xml version="1.0" encoding="UTF-8"?>
<!-- Generated by org.testng.reporters.JUnitReportReporter -->
<testsuite hostname="LAPTOP-D92ED6LF" failures="1" tests="1" name="Parallel.RerunRunner" time="30.241" errors="0" timestamp="11 May 2022 11:26:50 GMT" skipped="0">
  <testcase classname="Parallel.RerunRunner" name="runScenario" time="30.241">
    <failure type="java.lang.AssertionError">
      <![CDATA[java.lang.AssertionError
at org.junit.Assert.fail(Assert.java:87)
at org.junit.Assert.assertTrue(Assert.java:42)
at org.junit.Assert.assertTrue(Assert.java:53)
at Parallel.AccountPageSteps.accounts_section_count_should_be(AccountPageSteps.java:46)
at ✽.accounts section count should be 7(file:///C:/Users/ADITYA%20PARASHER/eclipse-workspace/CucumberPOMHybrid/src/test/resources/Parallel/accountPage.feature:23)
]]>
    </failure>
  </testcase> <!-- runScenario -->
</testsuite> <!-- Parallel.RerunRunner -->
